BUILD: 2.7.62.0-beta2-7-gd83b92809fd
system: rolling
date: Wed Nov 19 07:33:13 AM CET 2025
tasks: configure_deps build_deps configure[failed]
FAILED:
-- SLIC3R_UBSAN: OFF
-- SLIC3R_STATIC: OFF
-- CMAKE_PREFIX_PATH: /home/rschiele/git/PrusaSlicer/build/deps/destdir/usr/local (from cache or command line)
-- Found PkgConfig: /usr/bin/pkg-config (found version "2.5.1")
-- Performing Test CMAKE_HAVE_LIBC_PTHREAD
-- Performing Test CMAKE_HAVE_LIBC_PTHREAD - Success
-- Found Threads: TRUE
-- Found DBus: /usr/include/dbus-1.0;/usr/lib/dbus-1.0/include
CMake Error at /usr/lib/cmake/Boost-1.89.0/BoostConfig.cmake:141 (find_package):
  Could not find a package configuration file provided by "boost_system"
  (requested version 1.89.0) with any of the following names:

    boost_systemConfig.cmake
    boost_system-config.cmake

  Add the installation prefix of "boost_system" to CMAKE_PREFIX_PATH or set
  "boost_system_DIR" to a directory containing one of the above files.  If
  "boost_system" provides a separate development package or SDK, be sure it
  has been installed.
Call Stack (most recent call first):
  /usr/lib/cmake/Boost-1.89.0/BoostConfig.cmake:262 (boost_find_component)
  CMakeLists.txt:388 (find_package)

-- Configuring incomplete, errors occurred!
======================================================================
BUILD: 2.7.62.0-beta2-8-gb9106bfcbc5
system: rolling
date: Wed Nov 19 07:35:58 AM CET 2025
tasks: configure_deps build_deps configure build[failed]
FAILED:
/home/rschiele/git/PrusaSlicer/src/angelscript/add_on/scriptdictionary/scriptdictionary.cpp: In function ‘void AngelScript::RegisterScriptDictionary_Generic(asIScriptEngine*)’:
/home/rschiele/git/PrusaSlicer/src/angelscript/add_on/scriptdictionary/scriptdictionary.cpp:1150:13: warning: variable ‘r’ set but not used [-Wunused-but-set-variable]
 1150 |         int r;
      |             ^
[  8%] Building CXX object src/angelscript/CMakeFiles/angelscript.dir/source/as_scriptengine.cpp.o
In file included from /home/rschiele/git/PrusaSlicer/src/angelscript/source/as_property.h:47,
                 from /home/rschiele/git/PrusaSlicer/src/angelscript/source/as_objecttype.h:44,
                 from /home/rschiele/git/PrusaSlicer/src/angelscript/source/as_scriptengine.h:48,
                 from /home/rschiele/git/PrusaSlicer/src/angelscript/source/as_scriptengine.cpp:42:
/home/rschiele/git/PrusaSlicer/src/angelscript/source/as_symboltable.h:89:39: warning: template-id not allowed for constructor in C++20 [-Wtemplate-id-cdtor]
   89 |         asCSymbolTableIterator<T, T2>(asCSymbolTable<T> *table);
      |                                       ^~~~~~~~~~~~~~~~~
/home/rschiele/git/PrusaSlicer/src/angelscript/source/as_symboltable.h:89:39: note: remove the ‘< >’
[ 11%] Building CXX object src/angelscript/CMakeFiles/angelscript.dir/add_on/scriptbuilder/scriptbuilder.cpp.o
[ 11%] Building CXX object src/angelscript/CMakeFiles/angelscript.dir/add_on/scriptstdstring/scriptstdstring.cpp.o
[  6%] Building CXX object src/angelscript/CMakeFiles/angelscript.dir/source/as_compiler.cpp.o
In file included from /home/rschiele/git/PrusaSlicer/src/angelscript/source/as_builder.h:43,
                 from /home/rschiele/git/PrusaSlicer/src/angelscript/source/as_compiler.h:47,
                 from /home/rschiele/git/PrusaSlicer/src/angelscript/source/as_compiler.cpp:44:
/home/rschiele/git/PrusaSlicer/src/angelscript/source/as_symboltable.h:89:39: warning: template-id not allowed for constructor in C++20 [-Wtemplate-id-cdtor]
   89 |         asCSymbolTableIterator<T, T2>(asCSymbolTable<T> *table);
      |                                       ^~~~~~~~~~~~~~~~~
/home/rschiele/git/PrusaSlicer/src/angelscript/source/as_symboltable.h:89:39: note: remove the ‘< >’
[ 12%] Linking CXX static library libangelscript.a
[ 12%] Built target angelscript
make: *** [Makefile:156: all] Error 2
======================================================================
BUILD: 2.7.62.0-beta2-9-gacfe54b927c
system: rolling
date: Wed Nov 19 07:57:06 AM CET 2025
tasks: configure_deps build_deps configure build[failed]
FAILED:
compilation terminated.
make[2]: *** [src/admesh/CMakeFiles/admesh.dir/build.make:107: src/admesh/CMakeFiles/admesh.dir/shared.cpp.o] Error 1
[  6%] Building CXX object src/admesh/CMakeFiles/admesh.dir/stl_io.cpp.o
In file included from /home/rschiele/git/PrusaSlicer/src/admesh/stl_io.cpp:30:
/home/rschiele/git/PrusaSlicer/src/admesh/stl.h:31:10: fatal error: Eigen/Geometry: No such file or directory
   31 | #include <Eigen/Geometry>
      |          ^~~~~~~~~~~~~~~~
compilation terminated.
make[2]: *** [src/admesh/CMakeFiles/admesh.dir/build.make:121: src/admesh/CMakeFiles/admesh.dir/stl_io.cpp.o] Error 1
[  6%] Building CXX object src/admesh/CMakeFiles/admesh.dir/stlinit.cpp.o
In file included from /home/rschiele/git/PrusaSlicer/src/admesh/stlinit.cpp:33:
/home/rschiele/git/PrusaSlicer/src/admesh/stl.h:31:10: fatal error: Eigen/Geometry: No such file or directory
   31 | #include <Eigen/Geometry>
      |          ^~~~~~~~~~~~~~~~
compilation terminated.
make[2]: *** [src/admesh/CMakeFiles/admesh.dir/build.make:135: src/admesh/CMakeFiles/admesh.dir/stlinit.cpp.o] Error 1
[  8%] Building CXX object src/admesh/CMakeFiles/admesh.dir/util.cpp.o
In file included from /home/rschiele/git/PrusaSlicer/src/admesh/util.cpp:30:
/home/rschiele/git/PrusaSlicer/src/admesh/stl.h:31:10: fatal error: Eigen/Geometry: No such file or directory
   31 | #include <Eigen/Geometry>
      |          ^~~~~~~~~~~~~~~~
compilation terminated.
make[2]: *** [src/admesh/CMakeFiles/admesh.dir/build.make:149: src/admesh/CMakeFiles/admesh.dir/util.cpp.o] Error 1
make[1]: *** [CMakeFiles/Makefile2:914: src/admesh/CMakeFiles/admesh.dir/all] Error 2
make: *** [Makefile:156: all] Error 2
======================================================================
BUILD: 2.7.62.0-beta2-9-g49633678706
system: rolling
date: Wed Nov 19 07:58:45 AM CET 2025
tasks: configure_deps build_deps configure build[failed]
FAILED:
In file included from /home/rschiele/git/PrusaSlicer/src/admesh/stl_io.cpp:30:
/home/rschiele/git/PrusaSlicer/src/admesh/stl.h:31:10: fatal error: Eigen/Geometry: No such file or directory
   31 | #include <Eigen/Geometry>
      |          ^~~~~~~~~~~~~~~~
compilation terminated.
make[2]: *** [src/admesh/CMakeFiles/admesh.dir/build.make:121: src/admesh/CMakeFiles/admesh.dir/stl_io.cpp.o] Error 1
[ 10%] Building CXX object src/admesh/CMakeFiles/admesh.dir/stlinit.cpp.o
In file included from /home/rschiele/git/PrusaSlicer/src/admesh/stlinit.cpp:33:
/home/rschiele/git/PrusaSlicer/src/admesh/stl.h:31:10: fatal error: Eigen/Geometry: No such file or directory
   31 | #include <Eigen/Geometry>
      |          ^~~~~~~~~~~~~~~~
compilation terminated.
make[2]: *** [src/admesh/CMakeFiles/admesh.dir/build.make:135: src/admesh/CMakeFiles/admesh.dir/stlinit.cpp.o] Error 1
make[1]: *** [CMakeFiles/Makefile2:914: src/admesh/CMakeFiles/admesh.dir/all] Error 2
[  5%] Building CXX object src/libslic3r/CMakeFiles/libslic3r_cgal.dir/Geometry/VoronoiUtilsCgal.cpp.o
In file included from /home/rschiele/git/PrusaSlicer/src/libslic3r/Geometry/../Line.hpp:15,
                 from /home/rschiele/git/PrusaSlicer/src/libslic3r/Geometry/Voronoi.hpp:8,
                 from /home/rschiele/git/PrusaSlicer/src/libslic3r/Geometry/VoronoiUtilsCgal.cpp:9:
/home/rschiele/git/PrusaSlicer/src/libslic3r/Geometry/../Point.hpp:26:10: fatal error: Eigen/Geometry: No such file or directory
   26 | #include <Eigen/Geometry>
      |          ^~~~~~~~~~~~~~~~
compilation terminated.
make[2]: *** [src/libslic3r/CMakeFiles/libslic3r_cgal.dir/build.make:93: src/libslic3r/CMakeFiles/libslic3r_cgal.dir/Geometry/VoronoiUtilsCgal.cpp.o] Error 1
make[1]: *** [CMakeFiles/Makefile2:1363: src/libslic3r/CMakeFiles/libslic3r_cgal.dir/all] Error 2
make: *** [Makefile:156: all] Error 2
======================================================================
BUILD: 2.7.62.0-beta2-9-gd31694c37d8
system: rolling
date: Wed Nov 19 08:00:52 AM CET 2025
tasks: configure_deps build_deps configure[failed]
FAILED:
-- SLIC3R_ENABLE_FORMAT_STEP: ON
-- SLIC3R_FHS: OFF
-- SLIC3R_GTK: 3
-- SLIC3R_GUI: ON
-- SLIC3R_MSVC_COMPILE_PARALLEL: ON
-- SLIC3R_MSVC_PDB: ON
-- SLIC3R_PCH: OFF
-- SLIC3R_STATIC: OFF
-- SLIC3R_UBSAN: OFF
-- SLIC3R_STATIC: OFF
-- CMAKE_PREFIX_PATH: /home/rschiele/git/PrusaSlicer/build/deps/destdir/usr/local (from cache or command line)
-- Found PkgConfig: /usr/bin/pkg-config (found version "2.5.1")
-- Performing Test CMAKE_HAVE_LIBC_PTHREAD
-- Performing Test CMAKE_HAVE_LIBC_PTHREAD - Success
-- Found Threads: TRUE
-- Found DBus: /usr/include/dbus-1.0;/usr/lib/dbus-1.0/include
-- Could NOT find CURL (missing: CURL_DIR)
-- Falling back to MODULE search for CURL...
-- Found CURL: /usr/lib/libcurl.so (found version "8.17.0")
-- Found ZLIB: /usr/lib/libz.so (found version "1.3.1")
CMake Error at CMakeLists.txt:483 (message):
  Eigen3 not found in /home/rschiele/git/PrusaSlicer/include/eigen3

-- Configuring incomplete, errors occurred!
======================================================================
BUILD: 2.7.62.0-beta2-9-g0c2818cac1c
system: rolling
date: Wed Nov 19 08:01:28 AM CET 2025
tasks: configure_deps build_deps configure[failed]
FAILED:
-- SLIC3R_ENABLE_FORMAT_STEP: ON
-- SLIC3R_FHS: OFF
-- SLIC3R_GTK: 3
-- SLIC3R_GUI: ON
-- SLIC3R_MSVC_COMPILE_PARALLEL: ON
-- SLIC3R_MSVC_PDB: ON
-- SLIC3R_PCH: OFF
-- SLIC3R_STATIC: OFF
-- SLIC3R_UBSAN: OFF
-- SLIC3R_STATIC: OFF
-- CMAKE_PREFIX_PATH: /home/rschiele/git/PrusaSlicer/build/deps/destdir/usr/local (from cache or command line)
-- Found PkgConfig: /usr/bin/pkg-config (found version "2.5.1")
-- Performing Test CMAKE_HAVE_LIBC_PTHREAD
-- Performing Test CMAKE_HAVE_LIBC_PTHREAD - Success
-- Found Threads: TRUE
-- Found DBus: /usr/include/dbus-1.0;/usr/lib/dbus-1.0/include
-- Could NOT find CURL (missing: CURL_DIR)
-- Falling back to MODULE search for CURL...
-- Found CURL: /usr/lib/libcurl.so (found version "8.17.0")
-- Found ZLIB: /usr/lib/libz.so (found version "1.3.1")
CMake Error at CMakeLists.txt:481 (message):
  Eigen3 not found in /home/rschiele/git/PrusaSlicer/include/eigen3

-- Configuring incomplete, errors occurred!
======================================================================
BUILD: 2.7.62.0-beta2-9-g0c2818cac1c
system: rolling
date: Wed Nov 19 08:07:44 AM CET 2025
tasks: configure_deps build_deps configure[failed]
FAILED:
-- SLIC3R_ENABLE_FORMAT_STEP: ON
-- SLIC3R_FHS: OFF
-- SLIC3R_GTK: 3
-- SLIC3R_GUI: ON
-- SLIC3R_MSVC_COMPILE_PARALLEL: ON
-- SLIC3R_MSVC_PDB: ON
-- SLIC3R_PCH: OFF
-- SLIC3R_STATIC: OFF
-- SLIC3R_UBSAN: OFF
-- SLIC3R_STATIC: OFF
-- CMAKE_PREFIX_PATH: /home/rschiele/git/PrusaSlicer/build/deps/destdir/usr/local (from cache or command line)
-- Found PkgConfig: /usr/bin/pkg-config (found version "2.5.1")
-- Performing Test CMAKE_HAVE_LIBC_PTHREAD
-- Performing Test CMAKE_HAVE_LIBC_PTHREAD - Success
-- Found Threads: TRUE
-- Found DBus: /usr/include/dbus-1.0;/usr/lib/dbus-1.0/include
-- Could NOT find CURL (missing: CURL_DIR)
-- Falling back to MODULE search for CURL...
-- Found CURL: /usr/lib/libcurl.so (found version "8.17.0")
-- Found ZLIB: /usr/lib/libz.so (found version "1.3.1")
CMake Error at CMakeLists.txt:481 (message):
  Eigen3 not found in /home/rschiele/git/PrusaSlicer/include/eigen3

-- Configuring incomplete, errors occurred!
======================================================================
BUILD: 2.7.62.0-beta2-8-gb9106bfcbc5
system: rolling
date: Wed Nov 19 08:08:52 AM CET 2025
tasks: configure_deps build_deps configure build[failed]
FAILED:
In file included from /home/rschiele/git/PrusaSlicer/src/admesh/util.cpp:30:
/home/rschiele/git/PrusaSlicer/src/admesh/stl.h:31:10: fatal error: Eigen/Geometry: No such file or directory
   31 | #include <Eigen/Geometry>
      |          ^~~~~~~~~~~~~~~~
compilation terminated.
make[2]: *** [src/admesh/CMakeFiles/admesh.dir/build.make:149: src/admesh/CMakeFiles/admesh.dir/util.cpp.o] Error 1
[  7%] Building CXX object src/admesh/CMakeFiles/admesh.dir/stlinit.cpp.o
In file included from /home/rschiele/git/PrusaSlicer/src/admesh/stlinit.cpp:33:
/home/rschiele/git/PrusaSlicer/src/admesh/stl.h:31:10: fatal error: Eigen/Geometry: No such file or directory
   31 | #include <Eigen/Geometry>
      |          ^~~~~~~~~~~~~~~~
compilation terminated.
make[2]: *** [src/admesh/CMakeFiles/admesh.dir/build.make:135: src/admesh/CMakeFiles/admesh.dir/stlinit.cpp.o] Error 1
make[1]: *** [CMakeFiles/Makefile2:914: src/admesh/CMakeFiles/admesh.dir/all] Error 2
[  6%] Building CXX object src/libslic3r/CMakeFiles/libslic3r_cgal.dir/Geometry/VoronoiUtilsCgal.cpp.o
In file included from /home/rschiele/git/PrusaSlicer/src/libslic3r/Geometry/../Line.hpp:15,
                 from /home/rschiele/git/PrusaSlicer/src/libslic3r/Geometry/Voronoi.hpp:8,
                 from /home/rschiele/git/PrusaSlicer/src/libslic3r/Geometry/VoronoiUtilsCgal.cpp:9:
/home/rschiele/git/PrusaSlicer/src/libslic3r/Geometry/../Point.hpp:26:10: fatal error: Eigen/Geometry: No such file or directory
   26 | #include <Eigen/Geometry>
      |          ^~~~~~~~~~~~~~~~
compilation terminated.
make[2]: *** [src/libslic3r/CMakeFiles/libslic3r_cgal.dir/build.make:93: src/libslic3r/CMakeFiles/libslic3r_cgal.dir/Geometry/VoronoiUtilsCgal.cpp.o] Error 1
make[1]: *** [CMakeFiles/Makefile2:1363: src/libslic3r/CMakeFiles/libslic3r_cgal.dir/all] Error 2
make: *** [Makefile:156: all] Error 2
======================================================================
BUILD: 2.7.62.0-beta2-9-g8dec1f983d0
system: rolling
date: Wed Nov 19 08:13:53 AM CET 2025
tasks: configure_deps build_deps configure build[failed]
FAILED:
/home/rschiele/git/PrusaSlicer/src/admesh/connect.cpp: In function ‘void stl_check_facets_nearby(stl_file*, float)’:
/home/rschiele/git/PrusaSlicer/src/admesh/connect.cpp:487:48: warning: comparison of integer expressions of different signedness: ‘int’ and ‘uint32_t’ {aka ‘unsigned int’} [-Wsign-compare]
  487 |         if (stl->stats.connected_facets_3_edge == stl->stats.number_of_facets)
      |             ~~~~~~~~~~~~~~~~~~~~~~~~~~~~~~~~~~~^~~~~~~~~~~~~~~~~~~~~~~~~~~~~~
/home/rschiele/git/PrusaSlicer/src/admesh/connect.cpp: In lambda function:
/home/rschiele/git/PrusaSlicer/src/admesh/connect.cpp:536:60: warning: comparison of integer expressions of different signedness: ‘int’ and ‘uint32_t’ {aka ‘unsigned int’} [-Wsign-compare]
  536 |                                         if (other_face_idx != stl->stats.number_of_facets) {
      |                                             ~~~~~~~~~~~~~~~^~~~~~~~~~~~~~~~~~~~~~~~~~~~~~
/home/rschiele/git/PrusaSlicer/src/admesh/connect.cpp: In instantiation of ‘void HashTableEdges::insert_edge(stl_file*, const HashEdge&, MatchNeighbors) [with MatchNeighbors = HashTableEdges::insert_edge_exact(stl_file*, const HashEdge&)::<lambda(const HashEdge&, const HashEdge&)>]’:
/home/rschiele/git/PrusaSlicer/src/admesh/connect.cpp:143:20:   required from here
  143 |                 this->insert_edge(stl, edge, [stl](const HashEdge& edge1, const HashEdge& edge2) { record_neighbors(stl, edge1, edge2); });
      |                 ~~~~~~~~~~~~~~~~~^~~~~~~~~~~~~~~~~~~~~~~~~~~~~~~~~~~~~~~~~~~~~~~~~~~~~~~~~~~~~~~~~~~~~~~~~~~~~~~~~~~~~~~~~~~~~~~~~~~~~~~~~
/home/rschiele/git/PrusaSlicer/src/admesh/connect.cpp:219:51: warning: unused variable ‘temp’ [-Wunused-variable]
  219 |                                         HashEdge *temp = link->next;
      |                                                   ^~~~
/home/rschiele/git/PrusaSlicer/src/admesh/connect.cpp: In instantiation of ‘void HashTableEdges::insert_edge(stl_file*, const HashEdge&, MatchNeighbors) [with MatchNeighbors = HashTableEdges::insert_edge_nearby(stl_file*, const HashEdge&)::<lambda(const HashEdge&, const HashEdge&)>]’:
/home/rschiele/git/PrusaSlicer/src/admesh/connect.cpp:148:20:   required from here
  148 |                 this->insert_edge(stl, edge, [stl](const HashEdge& edge1, const HashEdge& edge2) { match_neighbors_nearby(stl, edge1, edge2); });
      |                 ~~~~~~~~~~~~~~~~~^~~~~~~~~~~~~~~~~~~~~~~~~~~~~~~~~~~~~~~~~~~~~~~~~~~~~~~~~~~~~~~~~~~~~~~~~~~~~~~~~~~~~~~~~~~~~~~~~~~~~~~~~~~~~~~
/home/rschiele/git/PrusaSlicer/src/admesh/connect.cpp:219:51: warning: unused variable ‘temp’ [-Wunused-variable]
  219 |                                         HashEdge *temp = link->next;
      |                                                   ^~~~
[ 13%] Linking CXX static library libadmesh.a
[ 13%] Built target admesh
make: *** [Makefile:156: all] Error 2
======================================================================
BUILD: 2.7.62.0-beta2-9-g8dec1f983d0
system: rolling
date: Wed Nov 19 08:14:12 AM CET 2025
tasks: configure_deps build_deps configure build[failed]
FAILED:
  115 |         int r;
      |             ^
[ 14%] Building CXX object src/angelscript/CMakeFiles/angelscript.dir/add_on/scriptstdstring/scriptstdstring.cpp.o
[ 15%] Linking CXX static library libangelscript.a
[ 15%] Built target angelscript
[  8%] Building CXX object src/libslic3r/CMakeFiles/libslic3r_cgal.dir/IntersectionPoints.cpp.o
In file included from /home/rschiele/git/PrusaSlicer/src/libslic3r/ExPolygon.hpp:15,
                 from /home/rschiele/git/PrusaSlicer/src/libslic3r/IntersectionPoints.hpp:8,
                 from /home/rschiele/git/PrusaSlicer/src/libslic3r/IntersectionPoints.cpp:5:
/home/rschiele/git/PrusaSlicer/src/libslic3r/Point.hpp:26:10: fatal error: Eigen/Geometry: No such file or directory
   26 | #include <Eigen/Geometry>
      |          ^~~~~~~~~~~~~~~~
compilation terminated.
make[2]: *** [src/libslic3r/CMakeFiles/libslic3r_cgal.dir/build.make:107: src/libslic3r/CMakeFiles/libslic3r_cgal.dir/IntersectionPoints.cpp.o] Error 1
[  7%] Building CXX object src/libslic3r/CMakeFiles/libslic3r_cgal.dir/Geometry/VoronoiUtilsCgal.cpp.o
In file included from /home/rschiele/git/PrusaSlicer/src/libslic3r/Geometry/../Line.hpp:15,
                 from /home/rschiele/git/PrusaSlicer/src/libslic3r/Geometry/Voronoi.hpp:8,
                 from /home/rschiele/git/PrusaSlicer/src/libslic3r/Geometry/VoronoiUtilsCgal.cpp:9:
/home/rschiele/git/PrusaSlicer/src/libslic3r/Geometry/../Point.hpp:26:10: fatal error: Eigen/Geometry: No such file or directory
   26 | #include <Eigen/Geometry>
      |          ^~~~~~~~~~~~~~~~
compilation terminated.
make[2]: *** [src/libslic3r/CMakeFiles/libslic3r_cgal.dir/build.make:93: src/libslic3r/CMakeFiles/libslic3r_cgal.dir/Geometry/VoronoiUtilsCgal.cpp.o] Error 1
make[1]: *** [CMakeFiles/Makefile2:1363: src/libslic3r/CMakeFiles/libslic3r_cgal.dir/all] Error 2
make: *** [Makefile:156: all] Error 2
======================================================================
BUILD: 2.7.62.0-beta2-9-g763534c4f14
system: rolling
date: Wed Nov 19 08:17:18 AM CET 2025
tasks: configure_deps build_deps configure[failed]
