BUILD: version_2.9.1-7-g7ce089b395
system: 43090
date: Wed Mar 12 07:06:42 AM CET 2025
tasks: configure_deps build_deps configure build install
SUCCESS
======================================================================
BUILD: version_2.9.1-7-g7ce089b395
system: rolling
date: Fri Mar 28 05:46:36 PM CET 2025
tasks: configure_deps build_deps[failed]
FAILED:
[ 47%] Built target dep_heatshrink
[ 40%] Performing build step for 'dep_NanoSVG'
make[3]: warning: -j16 forced in submake: resetting jobserver mode.
[ 25%] Building C object CMakeFiles/nanosvg.dir/nanosvg.c.o
[ 50%] Linking C static library libnanosvg.a
[ 50%] Built target nanosvg
[ 75%] Building C object CMakeFiles/nanosvgrast.dir/nanosvgrast.c.o
[100%] Linking C static library libnanosvgrast.a
[100%] Built target nanosvgrast
[ 50%] Performing install step for 'dep_NanoSVG'
[ 50%] Built target nanosvg
[100%] Built target nanosvgrast
Install the project...
-- Install configuration: "Release"
-- Installing: /home/rschiele/git/PrusaSlicer/build/deps/destdir/usr/local/lib/libnanosvg.a
-- Installing: /home/rschiele/git/PrusaSlicer/build/deps/destdir/usr/local/lib/libnanosvgrast.a
-- Installing: /home/rschiele/git/PrusaSlicer/build/deps/destdir/usr/local/include/nanosvg/nanosvg.h
-- Installing: /home/rschiele/git/PrusaSlicer/build/deps/destdir/usr/local/include/nanosvg/nanosvgrast.h
-- Installing: /home/rschiele/git/PrusaSlicer/build/deps/destdir/usr/local/lib/cmake/NanoSVG/NanoSVGTargets.cmake
-- Installing: /home/rschiele/git/PrusaSlicer/build/deps/destdir/usr/local/lib/cmake/NanoSVG/NanoSVGTargets-release.cmake
-- Installing: /home/rschiele/git/PrusaSlicer/build/deps/destdir/usr/local/lib/cmake/NanoSVG/NanoSVGConfig.cmake
-- Installing: /home/rschiele/git/PrusaSlicer/build/deps/destdir/usr/local/lib/cmake/NanoSVG/NanoSVGConfigVersion.cmake
[ 52%] Completed 'dep_NanoSVG'
[ 52%] Built target dep_NanoSVG
make: *** [Makefile:136: all] Error 2
======================================================================
BUILD: version_2.9.1-7-g7ce089b395
system: rolling
date: Fri Mar 28 05:47:33 PM CET 2025
tasks: configure_deps build_deps[failed]
FAILED:
-- Installing: /home/rschiele/git/PrusaSlicer/build/deps/destdir/usr/local/include/heatshrink/heatshrink_config.h
-- Installing: /home/rschiele/git/PrusaSlicer/build/deps/destdir/usr/local/include/heatshrink/heatshrink_encoder.h
-- Installing: /home/rschiele/git/PrusaSlicer/build/deps/destdir/usr/local/include/heatshrink/heatshrink_decoder.h
-- Installing: /home/rschiele/git/PrusaSlicer/build/deps/destdir/usr/local/lib/cmake/heatshrink/heatshrinkTargets.cmake
-- Installing: /home/rschiele/git/PrusaSlicer/build/deps/destdir/usr/local/lib/cmake/heatshrink/heatshrinkTargets-release.cmake
-- Installing: /home/rschiele/git/PrusaSlicer/build/deps/destdir/usr/local/lib/cmake/heatshrink/heatshrinkConfig.cmake
-- Installing: /home/rschiele/git/PrusaSlicer/build/deps/destdir/usr/local/lib/cmake/heatshrink/heatshrinkConfigVersion.cmake
[ 47%] Performing install step for 'dep_NanoSVG'
[ 50%] Built target nanosvg
[100%] Built target nanosvgrast
Install the project...
-- Install configuration: "Release"
-- Installing: /home/rschiele/git/PrusaSlicer/build/deps/destdir/usr/local/lib/libnanosvg.a
-- Installing: /home/rschiele/git/PrusaSlicer/build/deps/destdir/usr/local/lib/libnanosvgrast.a
-- Installing: /home/rschiele/git/PrusaSlicer/build/deps/destdir/usr/local/include/nanosvg/nanosvg.h
-- Installing: /home/rschiele/git/PrusaSlicer/build/deps/destdir/usr/local/include/nanosvg/nanosvgrast.h
-- Installing: /home/rschiele/git/PrusaSlicer/build/deps/destdir/usr/local/lib/cmake/NanoSVG/NanoSVGTargets.cmake
-- Installing: /home/rschiele/git/PrusaSlicer/build/deps/destdir/usr/local/lib/cmake/NanoSVG/NanoSVGTargets-release.cmake
-- Installing: /home/rschiele/git/PrusaSlicer/build/deps/destdir/usr/local/lib/cmake/NanoSVG/NanoSVGConfig.cmake
-- Installing: /home/rschiele/git/PrusaSlicer/build/deps/destdir/usr/local/lib/cmake/NanoSVG/NanoSVGConfigVersion.cmake
[ 50%] Completed 'dep_heatshrink'
[ 52%] Completed 'dep_NanoSVG'
[ 52%] Built target dep_heatshrink
[ 52%] Built target dep_NanoSVG
make: *** [Makefile:136: all] Error 2
======================================================================
BUILD: version_2.9.1-7-g7ce089b395
system: rolling
date: Fri Mar 28 05:50:58 PM CET 2025
tasks: configure_deps build_deps configure[failed]
FAILED:
-- Found PkgConfig: /usr/bin/pkg-config (found version "2.4.3")
-- Performing Test CMAKE_HAVE_LIBC_PTHREAD
-- Performing Test CMAKE_HAVE_LIBC_PTHREAD - Success
-- Found Threads: TRUE
-- Found DBus1: /usr/lib/libdbus-1.so
-- Boost::boost exists
-- Could NOT find CURL (missing: CURL_DIR)
-- Falling back to MODULE search for CURL...
-- Found CURL: /usr/lib/libcurl.so (found version "8.12.1")
-- Found ZLIB: /usr/lib/libz.so (found version "1.3.1")
-- Found PNG: /usr/lib/libpng.so (found version "1.6.47")
-- Found OpenGL: /usr/lib/libOpenGL.so
-- Could NOT find GLEW (missing: GLEW_DIR)
-- Falling back to MODULE search for GLEW...
-- Found GLEW: /usr/include (found version "2.2.0")
-- Could NOT find cereal (missing: cereal_DIR)
-- Looking for C++ include cereal/cereal.hpp
-- Looking for C++ include cereal/cereal.hpp - not found
CMake Error at cmake/modules/Findcereal.cmake:21 (message):
  Cereal library not found.  Please install the dependency.
Call Stack (most recent call first):
  CMakeLists.txt:486 (find_package)

-- Configuring incomplete, errors occurred!
======================================================================
BUILD: version_2.9.1-7-g7ce089b395
system: rolling
date: Fri Mar 28 05:57:20 PM CET 2025
tasks: configure_deps build_deps configure[failed]
FAILED:
  add_custom_command(TARGET): DEPENDS.

  Policy CMP0175 is not set: add_custom_command() rejects invalid arguments.
  Run "cmake --help-policy CMP0175" for policy details.  Use the cmake_policy
  command to set the policy and suppress this warning.
This warning is for project developers.  Use -Wno-dev to suppress it.

CMake Warning (dev) at CMakeLists.txt:555 (add_custom_command):
  The following keywords are not supported when using
  add_custom_command(TARGET): DEPENDS.

  Policy CMP0175 is not set: add_custom_command() rejects invalid arguments.
  Run "cmake --help-policy CMP0175" for policy details.  Use the cmake_policy
  command to set the policy and suppress this warning.
This warning is for project developers.  Use -Wno-dev to suppress it.

CMake Error at cmake/modules/FindNLopt.cmake:124 (message):
  Unable to find requested NLopt installation: Cannot find NLopt library
  'nlopt'.  Cannot find NLopt header file 'nlopt.hpp'.  NLopt not found in
  system directories (and environment variable NLOPT is not set).
Call Stack (most recent call first):
  CMakeLists.txt:563 (find_package)

-- Configuring incomplete, errors occurred!
======================================================================
BUILD: version_2.9.1-7-g7ce089b395
system: rolling
date: Fri Mar 28 05:58:32 PM CET 2025
tasks: configure_deps build_deps configure[failed]
FAILED:
  Policy CMP0175 is not set: add_custom_command() rejects invalid arguments.
  Run "cmake --help-policy CMP0175" for policy details.  Use the cmake_policy
  command to set the policy and suppress this warning.
Call Stack (most recent call first):
  src/libslic3r/CMakeLists.txt:608 (encoding_check)
This warning is for project developers.  Use -Wno-dev to suppress it.

-- Found JPEG: /usr/lib/libjpeg.so (found version "80")
-- Performing Test COMPILER_HAS_HIDDEN_VISIBILITY
-- Performing Test COMPILER_HAS_HIDDEN_VISIBILITY - Success
-- Performing Test COMPILER_HAS_HIDDEN_INLINE_VISIBILITY
-- Performing Test COMPILER_HAS_HIDDEN_INLINE_VISIBILITY - Success
-- Performing Test COMPILER_HAS_DEPRECATED_ATTR
-- Performing Test COMPILER_HAS_DEPRECATED_ATTR - Success
CMake Error at src/occt_wrapper/CMakeLists.txt:23 (find_package):
  Could not find a configuration file for package "OpenCASCADE" that is
  compatible with requested version "7.5.0".

  The following configuration files were considered but not accepted:

    /usr/lib/cmake/opencascade/OpenCASCADEConfig.cmake, version: 7.8.1
    /lib/cmake/opencascade/OpenCASCADEConfig.cmake, version: 7.8.1

-- Configuring incomplete, errors occurred!
======================================================================
BUILD: version_2.9.1-7-g7ce089b395
system: rolling
date: Fri Mar 28 05:59:32 PM CET 2025
tasks: configure_deps build_deps configure[failed]
FAILED:
  Run "cmake --help-policy CMP0175" for policy details.  Use the cmake_policy
  command to set the policy and suppress this warning.
Call Stack (most recent call first):
  src/libslic3r/CMakeLists.txt:608 (encoding_check)
This warning is for project developers.  Use -Wno-dev to suppress it.

-- Found JPEG: /usr/lib/libjpeg.so (found version "80")
-- Performing Test COMPILER_HAS_HIDDEN_VISIBILITY
-- Performing Test COMPILER_HAS_HIDDEN_VISIBILITY - Success
-- Performing Test COMPILER_HAS_HIDDEN_INLINE_VISIBILITY
-- Performing Test COMPILER_HAS_HIDDEN_INLINE_VISIBILITY - Success
-- Performing Test COMPILER_HAS_DEPRECATED_ATTR
-- Performing Test COMPILER_HAS_DEPRECATED_ATTR - Success
CMake Error at src/occt_wrapper/CMakeLists.txt:23 (find_package):
  Could not find a configuration file for package "OpenCASCADE" that is
  compatible with requested version "7.5.0".

  The following configuration files were considered but not accepted:

    /usr/lib/cmake/opencascade/OpenCASCADEConfig.cmake, version: 7.8.1
    /lib/cmake/opencascade/OpenCASCADEConfig.cmake, version: 7.8.1

-- Configuring incomplete, errors occurred!
======================================================================
BUILD: version_2.9.1-7-g7ce089b395
system: rolling
date: Fri Mar 28 06:00:43 PM CET 2025
tasks: configure_deps build_deps configure[failed]
FAILED:

-- Found JPEG: /usr/lib/libjpeg.so (found version "80")
-- Performing Test COMPILER_HAS_HIDDEN_VISIBILITY
-- Performing Test COMPILER_HAS_HIDDEN_VISIBILITY - Success
-- Performing Test COMPILER_HAS_HIDDEN_INLINE_VISIBILITY
-- Performing Test COMPILER_HAS_HIDDEN_INLINE_VISIBILITY - Success
-- Performing Test COMPILER_HAS_DEPRECATED_ATTR
-- Performing Test COMPILER_HAS_DEPRECATED_ATTR - Success
CMake Error at src/libseqarrange/CMakeLists.txt:1 (find_package):
  By not providing "FindZ3.cmake" in CMAKE_MODULE_PATH this project has asked
  CMake to find a package configuration file provided by "Z3", but CMake did
  not find one.

  Could not find a package configuration file provided by "Z3" with any of
  the following names:

    Z3Config.cmake
    z3-config.cmake

  Add the installation prefix of "Z3" to CMAKE_PREFIX_PATH or set "Z3_DIR" to
  a directory containing one of the above files.  If "Z3" provides a separate
  development package or SDK, be sure it has been installed.

-- Configuring incomplete, errors occurred!
======================================================================
BUILD: version_2.9.1-7-g7ce089b395
system: rolling
date: Fri Mar 28 06:01:43 PM CET 2025
tasks: configure_deps build_deps configure[failed]
FAILED:
-- Found JPEG: /usr/lib/libjpeg.so (found version "80")
-- Performing Test COMPILER_HAS_HIDDEN_VISIBILITY
-- Performing Test COMPILER_HAS_HIDDEN_VISIBILITY - Success
-- Performing Test COMPILER_HAS_HIDDEN_INLINE_VISIBILITY
-- Performing Test COMPILER_HAS_HIDDEN_INLINE_VISIBILITY - Success
-- Performing Test COMPILER_HAS_DEPRECATED_ATTR
-- Performing Test COMPILER_HAS_DEPRECATED_ATTR - Success
CMake Error at src/libseqarrange/CMakeLists.txt:19 (find_package):
  By not providing "FindCatch2.cmake" in CMAKE_MODULE_PATH this project has
  asked CMake to find a package configuration file provided by "Catch2", but
  CMake did not find one.

  Could not find a package configuration file provided by "Catch2" (requested
  version 3.8) with any of the following names:

    Catch2Config.cmake
    catch2-config.cmake

  Add the installation prefix of "Catch2" to CMAKE_PREFIX_PATH or set
  "Catch2_DIR" to a directory containing one of the above files.  If "Catch2"
  provides a separate development package or SDK, be sure it has been
  installed.

-- Configuring incomplete, errors occurred!
======================================================================
BUILD: version_2.9.1-7-g7ce089b395
system: rolling
date: Fri Mar 28 06:03:01 PM CET 2025
tasks: configure_deps build_deps configure build[failed]
FAILED:
                 from /usr/include/CGAL/Simple_cartesian.h:20,
                 from /usr/include/CGAL/Exact_predicates_exact_constructions_kernel.h:20,
                 from /home/rschiele/git/PrusaSlicer/bundled_deps/libigl/igl/copyleft/cgal/assign.h:12,
                 from /home/rschiele/git/PrusaSlicer/bundled_deps/libigl/igl/copyleft/cgal/mesh_boolean.cpp:11:
In copy constructor ‘boost::tuples::cons<HT, TT>::cons(const boost::tuples::cons<HT, TT>&) [with HT = CGAL::Point_3<CGAL::Epick>; TT = boost::tuples::cons<double, boost::tuples::cons<CGAL::Sign, boost::tuples::null_type> >]’,
    inlined from ‘boost::tuples::tuple<CGAL::Point_3<CGAL::Epick>, double, CGAL::Sign, boost::tuples::null_type, boost::tuples::null_type, boost::tuples::null_type, boost::tuples::null_type, boost::tuples::null_type, boost::tuples::null_type, boost::tuples::null_type>::tuple(boost::tuples::tuple<CGAL::Point_3<CGAL::Epick>, double, CGAL::Sign, boost::tuples::null_type, boost::tuples::null_type, boost::tuples::null_type, boost::tuples::null_type, boost::tuples::null_type, boost::tuples::null_type, boost::tuples::null_type>&&)’ at /usr/include/boost/tuple/detail/tuple_basic.hpp:479:7,
    inlined from ‘CGAL::SphereC3<CGAL::Epick>::SphereC3(CGAL::SphereC3<CGAL::Epick>&&)’ at /usr/include/CGAL/Cartesian/Sphere_3.h:28:7,
    inlined from ‘CGAL::Sphere_3<CGAL::Epick>::Sphere_3(CGAL::Sphere_3<CGAL::Epick>&&)’ at /usr/include/CGAL/Sphere_3.h:31:7,
    inlined from ‘constexpr std::pair<_T1, _T2>::pair(_U1&&, _U2&&) [with _U1 = CGAL::Sphere_3<CGAL::Epick>; _U2 = bool; typename std::enable_if<(std::_PCC<true, _T1, _T2>::_MoveConstructiblePair<_U1, _U2>() && std::_PCC<true, _T1, _T2>::_ImplicitlyMoveConvertiblePair<_U1, _U2>()), bool>::type <anonymous> = true; _T1 = CGAL::Sphere_3<CGAL::Epick>; _T2 = bool]’ at /usr/include/c++/14.2.1/bits/stl_pair.h:882:4,
    inlined from ‘constexpr std::pair<typename std::__strip_reference_wrapper<typename std::decay<_Tp>::type>::__type, typename std::__strip_reference_wrapper<typename std::decay<_Tp2>::type>::__type> std::make_pair(_T1&&, _T2&&) [with _T1 = CGAL::Sphere_3<CGAL::Epick>; _T2 = bool]’ at /usr/include/c++/14.2.1/bits/stl_pair.h:1137:72,
    inlined from ‘std::pair<CGAL::Sphere_3<CGAL::Epick>, bool> CGAL::Epic_converter<IK>::operator()(const typename IK::Sphere_3&) const [with IK = CGAL::Simple_cartesian<CGAL::Interval_nt<false> >]’ at /usr/include/CGAL/Epic_converter.h:331:44,
    inlined from ‘CGAL::Static_filtered_predicate<AK, FP, EpicP>::result_type CGAL::Static_filtered_predicate<AK, FP, EpicP>::operator()(const A1&, const A2&) const [with A1 = CGAL::Sphere_3<CGAL::Epeck>; A2 = CGAL::Bbox_3; AK = CGAL::Simple_cartesian<CGAL::Interval_nt<false> >; FP = CGAL::Filtered_predicate<CGAL::CommonKernelFunctors::Do_intersect_3<CGAL::Simple_cartesian<__gmp_expr<__mpq_struct [1], __mpq_struct [1]> > >, CGAL::CommonKernelFunctors::Do_intersect_3<CGAL::Simple_cartesian<CGAL::Interval_nt<false> > >, CGAL::Exact_converter<CGAL::Epeck, CGAL::Simple_cartesian<__gmp_expr<__mpq_struct [1], __mpq_struct [1]> > >, CGAL::Approx_converter<CGAL::Epeck, CGAL::Simple_cartesian<CGAL::Interval_nt<false> > >, true>; EpicP = CGAL::internal::Static_filters_predicates::Do_intersect_3<CGAL::Filtered_kernel_base<CGAL::Type_equality_wrapper<CGAL::Cartesian_base_no_ref_count<double, CGAL::Epick>, CGAL::Epick> >, CGAL::internal::Static_filters<CGAL::Filtered_kernel_base<CGAL::Type_equality_wrapper<CGAL::Cartesian_base_no_ref_count<double, CGAL::Epick>, CGAL::Epick> > > >]’ at /usr/include/CGAL/Static_filtered_predicate.h:44:10,
    inlined from ‘CGAL::Comparison_result CGAL::AABB_traits_3<GeomTraits, AABBPrimitive, BboxMap>::Compare_distance::operator()(const Point&, const CGAL::AABB_traits_3<GeomTraits, AABBPrimitive, BboxMap>::Bounding_box&, const Point&, CGAL::Tag_false) const [with GeomTraits = CGAL::Epeck; AABBPrimitive = CGAL::AABB_triangle_primitive_3<CGAL::Epeck, __gnu_cxx::__normal_iterator<CGAL::Triangle_3<CGAL::Epeck>*, std::vector<CGAL::Triangle_3<CGAL::Epeck> > >, std::integral_constant<bool, false> >; BboxMap = CGAL::Default]’ at /usr/include/CGAL/AABB_traits_3.h:414:11:
/usr/include/boost/tuple/detail/tuple_basic.hpp:314:27: warning: ‘<unnamed>.CGAL::Sphere_3<CGAL::Epick>::<unnamed>.CGAL::SphereC3<CGAL::Epick>::base.boost::tuples::tuple<CGAL::Point_3<CGAL::Epick>, double, CGAL::Sign, boost::tuples::null_type, boost::tuples::null_type, boost::tuples::null_type, boost::tuples::null_type, boost::tuples::null_type, boost::tuples::null_type, boost::tuples::null_type>::<unnamed>.boost::tuples::cons<CGAL::Point_3<CGAL::Epick>, boost::tuples::cons<double, boost::tuples::cons<CGAL::Sign, boost::tuples::null_type> > >::head’ may be used uninitialized [-Wmaybe-uninitialized]
  314 |   cons( const cons& u ) : head(u.head), tail(u.tail) {}
      |                           ^~~~~~~~~~~~
In file included from /usr/include/CGAL/Static_filtered_predicate.h:15,
                 from /usr/include/CGAL/Lazy_kernel.h:18,
                 from /usr/include/CGAL/Exact_predicates_exact_constructions_kernel.h:27:
/usr/include/CGAL/Epic_converter.h: In function ‘CGAL::Comparison_result CGAL::AABB_traits_3<GeomTraits, AABBPrimitive, BboxMap>::Compare_distance::operator()(const Point&, const CGAL::AABB_traits_3<GeomTraits, AABBPrimitive, BboxMap>::Bounding_box&, const Point&, CGAL::Tag_false) const [with GeomTraits = CGAL::Epeck; AABBPrimitive = CGAL::AABB_triangle_primitive_3<CGAL::Epeck, __gnu_cxx::__normal_iterator<CGAL::Triangle_3<CGAL::Epeck>*, std::vector<CGAL::Triangle_3<CGAL::Epeck> > >, std::integral_constant<bool, false> >; BboxMap = CGAL::Default]’:
/usr/include/CGAL/Epic_converter.h:331:27: note: ‘<anonymous>’ declared here
  331 |     return std::make_pair(Sphere_3(), false);
      |                           ^~~~~~~~~~
make[1]: *** [CMakeFiles/Makefile2:1572: src/libslic3r/CMakeFiles/libslic3r_cgal.dir/all] Error 2
make: *** [Makefile:146: all] Error 2
======================================================================
BUILD: version_2.9.1-7-g7ce089b395
system: rolling
date: Fri Mar 28 06:09:59 PM CET 2025
tasks: configure_deps build_deps[incomplete]
