BUILD: version_2.7.2-rc1-2678-gec1e62e85d
system: 43140
date: Tue Mar 25 09:27:00 PM CET 2025
tasks: configure_deps build_deps configure build install
SUCCESS
======================================================================
BUILD: version_2.7.2-rc1-2678-gec1e62e85d
system: rolling
date: Tue Apr  1 02:23:06 PM CEST 2025
tasks: configure_deps build_deps configure[failed]
FAILED:
This warning is for project developers.  Use -Wno-dev to suppress it.

-- po_dir mo_file imgui : '/home/rschiele/git/PrusaSlicer/resources/localization/zh_TW_copy/Slic3r.po' and mo file is '/home/rschiele/git/PrusaSlicer/resources/localization/zh_TW_copy/Slic3r.mo'
CMake Warning (dev) at CMakeLists.txt:580 (add_custom_command):
  The following keywords are not supported when using
  add_custom_command(TARGET): DEPENDS.

  Policy CMP0175 is not set: add_custom_command() rejects invalid arguments.
  Run "cmake --help-policy CMP0175" for policy details.  Use the cmake_policy
  command to set the policy and suppress this warning.
This warning is for project developers.  Use -Wno-dev to suppress it.

CMake Error at cmake/modules/FindOpenVDB.cmake:126 (cmake_minimum_required):
  Compatibility with CMake < 3.5 has been removed from CMake.

  Update the VERSION argument <min> value.  Or, use the <min>...<max> syntax
  to tell CMake that the project requires at least <min> but has been updated
  to work with policies introduced by <max> or earlier.

  Or, add -DCMAKE_POLICY_VERSION_MINIMUM=3.5 to try configuring anyway.
Call Stack (most recent call first):
  CMakeLists.txt:596 (find_package)

-- Configuring incomplete, errors occurred!
======================================================================
BUILD: version_2.7.2-rc1-2679-ga72d2a628b
system: rolling
date: Tue Apr  1 02:24:24 PM CEST 2025
tasks: configure_deps build_deps configure[failed]
FAILED:
CMake Warning (dev) at CMakeLists.txt:580 (add_custom_command):
  The following keywords are not supported when using
  add_custom_command(TARGET): DEPENDS.

  Policy CMP0175 is not set: add_custom_command() rejects invalid arguments.
  Run "cmake --help-policy CMP0175" for policy details.  Use the cmake_policy
  command to set the policy and suppress this warning.
This warning is for project developers.  Use -Wno-dev to suppress it.

COMPONENT = openvdb
-- Found OpenVDB: /usr/include (found suitable version "12.0.0", minimum required is "5.0") found components: openvdb
-- OpenVDB ABI Version: 12
-- Found Blosc: /usr/lib/libblosc.so (found version "1.21.6")
-- SPNAV library found
CMake Error at src/admesh/CMakeLists.txt:1 (cmake_minimum_required):
  Compatibility with CMake < 3.5 has been removed from CMake.

  Update the VERSION argument <min> value.  Or, use the <min>...<max> syntax
  to tell CMake that the project requires at least <min> but has been updated
  to work with policies introduced by <max> or earlier.

  Or, add -DCMAKE_POLICY_VERSION_MINIMUM=3.5 to try configuring anyway.

-- Configuring incomplete, errors occurred!
======================================================================
BUILD: version_2.7.2-rc1-2680-gaa08e98051
system: rolling
date: Tue Apr  1 02:25:37 PM CEST 2025
tasks: configure_deps build_deps configure[failed]
FAILED:
CMake Warning (dev) at CMakeLists.txt:580 (add_custom_command):
  The following keywords are not supported when using
  add_custom_command(TARGET): DEPENDS.

  Policy CMP0175 is not set: add_custom_command() rejects invalid arguments.
  Run "cmake --help-policy CMP0175" for policy details.  Use the cmake_policy
  command to set the policy and suppress this warning.
This warning is for project developers.  Use -Wno-dev to suppress it.

COMPONENT = openvdb
-- Found OpenVDB: /usr/include (found suitable version "12.0.0", minimum required is "5.0") found components: openvdb
-- OpenVDB ABI Version: 12
-- Found Blosc: /usr/lib/libblosc.so (found version "1.21.6")
-- SPNAV library found
CMake Error at src/admesh/CMakeLists.txt:1 (cmake_minimum_required):
  Compatibility with CMake < 3.5 has been removed from CMake.

  Update the VERSION argument <min> value.  Or, use the <min>...<max> syntax
  to tell CMake that the project requires at least <min> but has been updated
  to work with policies introduced by <max> or earlier.

  Or, add -DCMAKE_POLICY_VERSION_MINIMUM=3.5 to try configuring anyway.

-- Configuring incomplete, errors occurred!
======================================================================
BUILD: version_2.7.2-rc1-2680-g302a804827
system: rolling
date: Tue Apr  1 02:27:10 PM CEST 2025
tasks: configure_deps build_deps configure[failed]
FAILED:
CMake Warning (dev) at CMakeLists.txt:580 (add_custom_command):
  The following keywords are not supported when using
  add_custom_command(TARGET): DEPENDS.

  Policy CMP0175 is not set: add_custom_command() rejects invalid arguments.
  Run "cmake --help-policy CMP0175" for policy details.  Use the cmake_policy
  command to set the policy and suppress this warning.
This warning is for project developers.  Use -Wno-dev to suppress it.

COMPONENT = openvdb
-- Found OpenVDB: /usr/include (found suitable version "12.0.0", minimum required is "5.0") found components: openvdb
-- OpenVDB ABI Version: 12
-- Found Blosc: /usr/lib/libblosc.so (found version "1.21.6")
-- SPNAV library found
CMake Error at src/avrdude/CMakeLists.txt:1 (cmake_minimum_required):
  Compatibility with CMake < 3.5 has been removed from CMake.

  Update the VERSION argument <min> value.  Or, use the <min>...<max> syntax
  to tell CMake that the project requires at least <min> but has been updated
  to work with policies introduced by <max> or earlier.

  Or, add -DCMAKE_POLICY_VERSION_MINIMUM=3.5 to try configuring anyway.

-- Configuring incomplete, errors occurred!
======================================================================
BUILD: version_2.7.2-rc1-2680-g6b9ec6efea
system: rolling
date: Tue Apr  1 02:27:39 PM CEST 2025
tasks: configure_deps build_deps configure[failed]
FAILED:
  src/avrdude/CMakeLists.txt:94 (encoding_check)
This warning is for project developers.  Use -Wno-dev to suppress it.

CMake Warning (dev) at src/build-utils/CMakeLists.txt:39 (add_custom_command):
  Exactly one of PRE_BUILD, PRE_LINK, or POST_BUILD must be given.  Assuming
  POST_BUILD to preserve backward compatibility.

  Policy CMP0175 is not set: add_custom_command() rejects invalid arguments.
  Run "cmake --help-policy CMP0175" for policy details.  Use the cmake_policy
  command to set the policy and suppress this warning.
Call Stack (most recent call first):
  src/avrdude/CMakeLists.txt:95 (encoding_check)
This warning is for project developers.  Use -Wno-dev to suppress it.

CMake Error at src/boost/CMakeLists.txt:1 (cmake_minimum_required):
  Compatibility with CMake < 3.5 has been removed from CMake.

  Update the VERSION argument <min> value.  Or, use the <min>...<max> syntax
  to tell CMake that the project requires at least <min> but has been updated
  to work with policies introduced by <max> or earlier.

  Or, add -DCMAKE_POLICY_VERSION_MINIMUM=3.5 to try configuring anyway.

-- Configuring incomplete, errors occurred!
======================================================================
BUILD: version_2.7.2-rc1-2680-g09d5d42db9
system: rolling
date: Tue Apr  1 02:28:18 PM CEST 2025
tasks: configure_deps build_deps configure[failed]
FAILED:
  src/avrdude/CMakeLists.txt:94 (encoding_check)
This warning is for project developers.  Use -Wno-dev to suppress it.

CMake Warning (dev) at src/build-utils/CMakeLists.txt:39 (add_custom_command):
  Exactly one of PRE_BUILD, PRE_LINK, or POST_BUILD must be given.  Assuming
  POST_BUILD to preserve backward compatibility.

  Policy CMP0175 is not set: add_custom_command() rejects invalid arguments.
  Run "cmake --help-policy CMP0175" for policy details.  Use the cmake_policy
  command to set the policy and suppress this warning.
Call Stack (most recent call first):
  src/avrdude/CMakeLists.txt:95 (encoding_check)
This warning is for project developers.  Use -Wno-dev to suppress it.

CMake Error at src/semver/CMakeLists.txt:1 (cmake_minimum_required):
  Compatibility with CMake < 3.5 has been removed from CMake.

  Update the VERSION argument <min> value.  Or, use the <min>...<max> syntax
  to tell CMake that the project requires at least <min> but has been updated
  to work with policies introduced by <max> or earlier.

  Or, add -DCMAKE_POLICY_VERSION_MINIMUM=3.5 to try configuring anyway.

-- Configuring incomplete, errors occurred!
======================================================================
BUILD: version_2.7.2-rc1-2680-g509b790d25
system: rolling
date: Tue Apr  1 02:28:42 PM CEST 2025
tasks: configure_deps build_deps configure[failed]
FAILED:
This warning is for project developers.  Use -Wno-dev to suppress it.

CMake Warning (dev) at src/build-utils/CMakeLists.txt:39 (add_custom_command):
  Exactly one of PRE_BUILD, PRE_LINK, or POST_BUILD must be given.  Assuming
  POST_BUILD to preserve backward compatibility.

  Policy CMP0175 is not set: add_custom_command() rejects invalid arguments.
  Run "cmake --help-policy CMP0175" for policy details.  Use the cmake_policy
  command to set the policy and suppress this warning.
Call Stack (most recent call first):
  src/semver/CMakeLists.txt:9 (encoding_check)
This warning is for project developers.  Use -Wno-dev to suppress it.

-- IGL NOT found, using bundled version...
CMake Error at src/qoi/CMakeLists.txt:3 (cmake_minimum_required):
  Compatibility with CMake < 3.5 has been removed from CMake.

  Update the VERSION argument <min> value.  Or, use the <min>...<max> syntax
  to tell CMake that the project requires at least <min> but has been updated
  to work with policies introduced by <max> or earlier.

  Or, add -DCMAKE_POLICY_VERSION_MINIMUM=3.5 to try configuring anyway.

-- Configuring incomplete, errors occurred!
======================================================================
BUILD: version_2.7.2-rc1-2680-ge88647ee98
system: rolling
date: Tue Apr  1 02:29:02 PM CEST 2025
tasks: configure_deps build_deps configure[failed]
FAILED:
  command to set the policy and suppress this warning.
Call Stack (most recent call first):
  src/libslic3r/CMakeLists.txt:593 (encoding_check)
This warning is for project developers.  Use -Wno-dev to suppress it.

-- Found JPEG: /usr/lib/libjpeg.so (found version "80")
-- Performing Test COMPILER_HAS_HIDDEN_VISIBILITY
-- Performing Test COMPILER_HAS_HIDDEN_VISIBILITY - Success
-- Performing Test COMPILER_HAS_HIDDEN_INLINE_VISIBILITY
-- Performing Test COMPILER_HAS_HIDDEN_INLINE_VISIBILITY - Success
-- Performing Test COMPILER_HAS_DEPRECATED_ATTR
-- Performing Test COMPILER_HAS_DEPRECATED_ATTR - Success
CMake Error at src/occt_wrapper/CMakeLists.txt:25 (find_package):
  Could not find a configuration file for package "OpenCASCADE" that is
  compatible with requested version "7.6.2".

  The following configuration files were considered but not accepted:

    /usr/lib/cmake/opencascade/OpenCASCADEConfig.cmake, version: 7.8.1
    /home/rschiele/git/PrusaSlicer/b_deps/builds/OCCT/OpenCASCADEConfig.cmake, version: 7.6.1
    /lib/cmake/opencascade/OpenCASCADEConfig.cmake, version: 7.8.1

-- Configuring incomplete, errors occurred!
======================================================================
BUILD: version_2.7.2-rc1-2680-g01fe84c610
system: rolling
date: Tue Apr  1 02:32:35 PM CEST 2025
tasks: configure_deps build_deps configure[failed]
FAILED:
  Policy CMP0175 is not set: add_custom_command() rejects invalid arguments.
  Run "cmake --help-policy CMP0175" for policy details.  Use the cmake_policy
  command to set the policy and suppress this warning.
Call Stack (most recent call first):
  src/libslic3r/CMakeLists.txt:593 (encoding_check)
This warning is for project developers.  Use -Wno-dev to suppress it.

-- Found JPEG: /usr/lib/libjpeg.so (found version "80")
-- Performing Test COMPILER_HAS_HIDDEN_VISIBILITY
-- Performing Test COMPILER_HAS_HIDDEN_VISIBILITY - Success
-- Performing Test COMPILER_HAS_HIDDEN_INLINE_VISIBILITY
-- Performing Test COMPILER_HAS_HIDDEN_INLINE_VISIBILITY - Success
-- Performing Test COMPILER_HAS_DEPRECATED_ATTR
-- Performing Test COMPILER_HAS_DEPRECATED_ATTR - Success
CMake Error at src/imgui/CMakeLists.txt:1 (cmake_minimum_required):
  Compatibility with CMake < 3.5 has been removed from CMake.

  Update the VERSION argument <min> value.  Or, use the <min>...<max> syntax
  to tell CMake that the project requires at least <min> but has been updated
  to work with policies introduced by <max> or earlier.

  Or, add -DCMAKE_POLICY_VERSION_MINIMUM=3.5 to try configuring anyway.

-- Configuring incomplete, errors occurred!
======================================================================
BUILD: version_2.7.2-rc1-2680-g6c8b7b6f19
system: rolling
date: Tue Apr  1 02:33:09 PM CEST 2025
tasks: configure_deps build_deps configure[failed]
FAILED:
  Policy CMP0175 is not set: add_custom_command() rejects invalid arguments.
  Run "cmake --help-policy CMP0175" for policy details.  Use the cmake_policy
  command to set the policy and suppress this warning.
Call Stack (most recent call first):
  src/libslic3r/CMakeLists.txt:593 (encoding_check)
This warning is for project developers.  Use -Wno-dev to suppress it.

-- Found JPEG: /usr/lib/libjpeg.so (found version "80")
-- Performing Test COMPILER_HAS_HIDDEN_VISIBILITY
-- Performing Test COMPILER_HAS_HIDDEN_VISIBILITY - Success
-- Performing Test COMPILER_HAS_HIDDEN_INLINE_VISIBILITY
-- Performing Test COMPILER_HAS_HIDDEN_INLINE_VISIBILITY - Success
-- Performing Test COMPILER_HAS_DEPRECATED_ATTR
-- Performing Test COMPILER_HAS_DEPRECATED_ATTR - Success
CMake Error at src/exif/CMakeLists.txt:2 (cmake_minimum_required):
  Compatibility with CMake < 3.5 has been removed from CMake.

  Update the VERSION argument <min> value.  Or, use the <min>...<max> syntax
  to tell CMake that the project requires at least <min> but has been updated
  to work with policies introduced by <max> or earlier.

  Or, add -DCMAKE_POLICY_VERSION_MINIMUM=3.5 to try configuring anyway.

-- Configuring incomplete, errors occurred!
======================================================================
BUILD: version_2.7.2-rc1-2680-gcdf18f4cd1
system: rolling
date: Tue Apr  1 02:33:38 PM CEST 2025
tasks: configure_deps build_deps configure[failed]
FAILED:
-- Performing Test COMPILER_HAS_HIDDEN_INLINE_VISIBILITY
-- Performing Test COMPILER_HAS_HIDDEN_INLINE_VISIBILITY - Success
-- Performing Test COMPILER_HAS_DEPRECATED_ATTR
-- Performing Test COMPILER_HAS_DEPRECATED_ATTR - Success
CMake Deprecation Warning at src/angelscript/CMakeLists.txt:1 (cmake_minimum_required):
  Compatibility with CMake < 3.10 will be removed from a future version of
  CMake.

  Update the VERSION argument <min> value.  Or, use the <min>...<max> syntax
  to tell CMake that the project requires at least <min> but has been updated
  to work with policies introduced by <max> or earlier.

-- Configuring angelscript 2.35.0
add_library(angelscript STATIC source/as_atomic.cpp;source/as_builder.cpp;source/as_bytecode.cpp;source/as_callfunc.cpp;source/as_callfunc_mips.cpp;source/as_callfunc_x86.cpp;source/as_callfunc_x64_gcc.cpp;source/as_callfunc_x64_msvc.cpp;source/as_callfunc_x64_mingw.cpp;source/as_compiler.cpp;source/as_configgroup.cpp;source/as_context.cpp;source/as_datatype.cpp;source/as_gc.cpp;source/as_generic.cpp;source/as_globalproperty.cpp;source/as_memory.cpp;source/as_module.cpp;source/as_objecttype.cpp;source/as_outputbuffer.cpp;source/as_parser.cpp;source/as_restore.cpp;source/as_scriptcode.cpp;source/as_scriptengine.cpp;source/as_scriptfunction.cpp;source/as_scriptnode.cpp;source/as_scriptobject.cpp;source/as_string.cpp;source/as_string_util.cpp;source/as_thread.cpp;source/as_tokenizer.cpp;source/as_typeinfo.cpp;source/as_variablescope.cpp;add_on/autowrapper/generator/generateheader.cpp;add_on/contextmgr/contextmgr.cpp;add_on/scriptarray/scriptarray.cpp;add_on/scriptbuilder/scriptbuilder.cpp;add_on/scriptdictionary/scriptdictionary.cpp;add_on/scriptstdstring/scriptstdstring.cpp;add_on/scriptstdstring/scriptstdstring_utils.cpp;add_on/scriptmath/scriptmath.cpp include/angelscript.h;source/as_array.h;source/as_builder.h;source/as_bytecode.h;source/as_callfunc.h;source/as_compiler.h;source/as_config.h;source/as_configgroup.h;source/as_context.h;source/as_criticalsection.h;source/as_datatype.h;source/as_debug.h;source/as_generic.h;source/as_map.h;source/as_memory.h;source/as_module.h;source/as_objecttype.h;source/as_outputbuffer.h;source/as_parser.h;source/as_property.h;source/as_restore.h;source/as_scriptcode.h;source/as_scriptengine.h;source/as_scriptfunction.h;source/as_scriptnode.h;source/as_scriptobject.h;source/as_string.h;source/as_string_util.h;source/as_texts.h;source/as_thread.h;source/as_tokendef.h;source/as_tokenizer.h;source/as_typeinfo.h;source/as_variablescope.h;add_on/autowrapper/aswrappedcall.h;add_on/contextmgr/contextmgr.h;add_on/scriptarray/scriptarray.h;add_on/scriptbuilder/scriptbuilder.h;add_on/scriptdictionary/scriptdictionary.h;add_on/scriptstdstring/scriptstdstring.h;add_on/scriptmath/scriptmath.h)
CMake Error at cmake/modules/FindPackageHandleStandardArgs_SLIC3R.cmake:143 (message):
  Could NOT find wxWidgets (missing: wxWidgets_LIBRARIES) (Required is at
  least version "3.2")
Call Stack (most recent call first):
  /usr/share/cmake/Modules/FindPackageHandleStandardArgs.cmake:591 (_FPHSA_FAILURE_MESSAGE)
  cmake/modules/FindwxWidgets.cmake:990 (find_package_handle_standard_args)
  src/CMakeLists.txt:60 (find_package)

-- Configuring incomplete, errors occurred!
======================================================================
BUILD: version_2.7.2-rc1-2680-gcdf18f4cd1
system: rolling
date: Tue Apr  1 02:35:22 PM CEST 2025
tasks: configure_deps build_deps configure[failed]
FAILED:
-- Performing Test COMPILER_HAS_HIDDEN_INLINE_VISIBILITY
-- Performing Test COMPILER_HAS_HIDDEN_INLINE_VISIBILITY - Success
-- Performing Test COMPILER_HAS_DEPRECATED_ATTR
-- Performing Test COMPILER_HAS_DEPRECATED_ATTR - Success
CMake Deprecation Warning at src/angelscript/CMakeLists.txt:1 (cmake_minimum_required):
  Compatibility with CMake < 3.10 will be removed from a future version of
  CMake.

  Update the VERSION argument <min> value.  Or, use the <min>...<max> syntax
  to tell CMake that the project requires at least <min> but has been updated
  to work with policies introduced by <max> or earlier.

-- Configuring angelscript 2.35.0
add_library(angelscript STATIC source/as_atomic.cpp;source/as_builder.cpp;source/as_bytecode.cpp;source/as_callfunc.cpp;source/as_callfunc_mips.cpp;source/as_callfunc_x86.cpp;source/as_callfunc_x64_gcc.cpp;source/as_callfunc_x64_msvc.cpp;source/as_callfunc_x64_mingw.cpp;source/as_compiler.cpp;source/as_configgroup.cpp;source/as_context.cpp;source/as_datatype.cpp;source/as_gc.cpp;source/as_generic.cpp;source/as_globalproperty.cpp;source/as_memory.cpp;source/as_module.cpp;source/as_objecttype.cpp;source/as_outputbuffer.cpp;source/as_parser.cpp;source/as_restore.cpp;source/as_scriptcode.cpp;source/as_scriptengine.cpp;source/as_scriptfunction.cpp;source/as_scriptnode.cpp;source/as_scriptobject.cpp;source/as_string.cpp;source/as_string_util.cpp;source/as_thread.cpp;source/as_tokenizer.cpp;source/as_typeinfo.cpp;source/as_variablescope.cpp;add_on/autowrapper/generator/generateheader.cpp;add_on/contextmgr/contextmgr.cpp;add_on/scriptarray/scriptarray.cpp;add_on/scriptbuilder/scriptbuilder.cpp;add_on/scriptdictionary/scriptdictionary.cpp;add_on/scriptstdstring/scriptstdstring.cpp;add_on/scriptstdstring/scriptstdstring_utils.cpp;add_on/scriptmath/scriptmath.cpp include/angelscript.h;source/as_array.h;source/as_builder.h;source/as_bytecode.h;source/as_callfunc.h;source/as_compiler.h;source/as_config.h;source/as_configgroup.h;source/as_context.h;source/as_criticalsection.h;source/as_datatype.h;source/as_debug.h;source/as_generic.h;source/as_map.h;source/as_memory.h;source/as_module.h;source/as_objecttype.h;source/as_outputbuffer.h;source/as_parser.h;source/as_property.h;source/as_restore.h;source/as_scriptcode.h;source/as_scriptengine.h;source/as_scriptfunction.h;source/as_scriptnode.h;source/as_scriptobject.h;source/as_string.h;source/as_string_util.h;source/as_texts.h;source/as_thread.h;source/as_tokendef.h;source/as_tokenizer.h;source/as_typeinfo.h;source/as_variablescope.h;add_on/autowrapper/aswrappedcall.h;add_on/contextmgr/contextmgr.h;add_on/scriptarray/scriptarray.h;add_on/scriptbuilder/scriptbuilder.h;add_on/scriptdictionary/scriptdictionary.h;add_on/scriptstdstring/scriptstdstring.h;add_on/scriptmath/scriptmath.h)
CMake Error at cmake/modules/FindPackageHandleStandardArgs_SLIC3R.cmake:143 (message):
  Could NOT find wxWidgets (missing: wxWidgets_LIBRARIES) (Required is at
  least version "3.2")
Call Stack (most recent call first):
  /usr/share/cmake/Modules/FindPackageHandleStandardArgs.cmake:591 (_FPHSA_FAILURE_MESSAGE)
  cmake/modules/FindwxWidgets.cmake:990 (find_package_handle_standard_args)
  src/CMakeLists.txt:60 (find_package)

-- Configuring incomplete, errors occurred!
======================================================================
BUILD: version_2.7.2-rc1-2680-gcdf18f4cd1
system: rolling
date: Tue Apr  1 02:50:28 PM CEST 2025
tasks: configure_deps build_deps[failed]
FAILED:
[ 28%] Built target bgcode_core
[ 71%] Built target bgcode_binarize
[100%] Built target bgcode_convert
Install the project...
-- Install configuration: "Release"
-- Installing: /home/rschiele/git/PrusaSlicer/build/deps/destdir/usr/local/lib/libbgcode_core.a
-- Installing: /home/rschiele/git/PrusaSlicer/build/deps/destdir/usr/local/include/LibBGCode/core/core.hpp
-- Installing: /home/rschiele/git/PrusaSlicer/build/deps/destdir/usr/local/include/LibBGCode/core/export.h
-- Installing: /home/rschiele/git/PrusaSlicer/build/deps/destdir/usr/local/lib/cmake/LibBGCode/LibBGCodeCoreTargets.cmake
-- Installing: /home/rschiele/git/PrusaSlicer/build/deps/destdir/usr/local/lib/cmake/LibBGCode/LibBGCodeCoreTargets-release.cmake
-- Installing: /home/rschiele/git/PrusaSlicer/build/deps/destdir/usr/local/lib/libbgcode_binarize.a
-- Installing: /home/rschiele/git/PrusaSlicer/build/deps/destdir/usr/local/include/LibBGCode/binarize/binarize.hpp
-- Installing: /home/rschiele/git/PrusaSlicer/build/deps/destdir/usr/local/include/LibBGCode/binarize/export.h
-- Installing: /home/rschiele/git/PrusaSlicer/build/deps/destdir/usr/local/lib/cmake/LibBGCode/LibBGCodeBinarizeTargets.cmake
-- Installing: /home/rschiele/git/PrusaSlicer/build/deps/destdir/usr/local/lib/cmake/LibBGCode/LibBGCodeBinarizeTargets-release.cmake
-- Installing: /home/rschiele/git/PrusaSlicer/build/deps/destdir/usr/local/lib/libbgcode_convert.a
-- Installing: /home/rschiele/git/PrusaSlicer/build/deps/destdir/usr/local/include/LibBGCode/convert/convert.hpp
-- Installing: /home/rschiele/git/PrusaSlicer/build/deps/destdir/usr/local/include/LibBGCode/convert/export.h
-- Installing: /home/rschiele/git/PrusaSlicer/build/deps/destdir/usr/local/lib/cmake/LibBGCode/LibBGCodeConvertTargets.cmake
-- Installing: /home/rschiele/git/PrusaSlicer/build/deps/destdir/usr/local/lib/cmake/LibBGCode/LibBGCodeConvertTargets-release.cmake
-- Installing: /home/rschiele/git/PrusaSlicer/build/deps/destdir/usr/local/lib/cmake/LibBGCode/LibBGCodeConfig.cmake
-- Installing: /home/rschiele/git/PrusaSlicer/build/deps/destdir/usr/local/lib/cmake/LibBGCode/LibBGCodeConfigVersion.cmake
[ 87%] Completed 'dep_LibBGCode'
[ 87%] Built target dep_LibBGCode
make: *** [Makefile:136: all] Error 2
======================================================================
BUILD: version_2.7.2-rc1-2681-g6c475c6930
system: rolling
date: Tue Apr  1 02:54:34 PM CEST 2025
tasks: configure_deps build_deps configure build[failed]
FAILED:
                 from /usr/include/CGAL/Simple_cartesian.h:20,
                 from /usr/include/CGAL/Exact_predicates_exact_constructions_kernel.h:20,
                 from /home/rschiele/git/PrusaSlicer/src/libigl/igl/copyleft/cgal/assign.h:12,
                 from /home/rschiele/git/PrusaSlicer/src/libigl/igl/copyleft/cgal/mesh_boolean.cpp:11:
In copy constructor ‘boost::tuples::cons<HT, TT>::cons(const boost::tuples::cons<HT, TT>&) [with HT = CGAL::Point_3<CGAL::Epick>; TT = boost::tuples::cons<double, boost::tuples::cons<CGAL::Sign, boost::tuples::null_type> >]’,
    inlined from ‘boost::tuples::tuple<CGAL::Point_3<CGAL::Epick>, double, CGAL::Sign, boost::tuples::null_type, boost::tuples::null_type, boost::tuples::null_type, boost::tuples::null_type, boost::tuples::null_type, boost::tuples::null_type, boost::tuples::null_type>::tuple(boost::tuples::tuple<CGAL::Point_3<CGAL::Epick>, double, CGAL::Sign, boost::tuples::null_type, boost::tuples::null_type, boost::tuples::null_type, boost::tuples::null_type, boost::tuples::null_type, boost::tuples::null_type, boost::tuples::null_type>&&)’ at /usr/include/boost/tuple/detail/tuple_basic.hpp:479:7,
    inlined from ‘CGAL::SphereC3<CGAL::Epick>::SphereC3(CGAL::SphereC3<CGAL::Epick>&&)’ at /usr/include/CGAL/Cartesian/Sphere_3.h:28:7,
    inlined from ‘CGAL::Sphere_3<CGAL::Epick>::Sphere_3(CGAL::Sphere_3<CGAL::Epick>&&)’ at /usr/include/CGAL/Sphere_3.h:31:7,
    inlined from ‘constexpr std::pair<_T1, _T2>::pair(_U1&&, _U2&&) [with _U1 = CGAL::Sphere_3<CGAL::Epick>; _U2 = bool; typename std::enable_if<(std::_PCC<true, _T1, _T2>::_MoveConstructiblePair<_U1, _U2>() && std::_PCC<true, _T1, _T2>::_ImplicitlyMoveConvertiblePair<_U1, _U2>()), bool>::type <anonymous> = true; _T1 = CGAL::Sphere_3<CGAL::Epick>; _T2 = bool]’ at /usr/include/c++/14.2.1/bits/stl_pair.h:882:4,
    inlined from ‘constexpr std::pair<typename std::__strip_reference_wrapper<typename std::decay<_Tp>::type>::__type, typename std::__strip_reference_wrapper<typename std::decay<_Tp2>::type>::__type> std::make_pair(_T1&&, _T2&&) [with _T1 = CGAL::Sphere_3<CGAL::Epick>; _T2 = bool]’ at /usr/include/c++/14.2.1/bits/stl_pair.h:1137:72,
    inlined from ‘std::pair<CGAL::Sphere_3<CGAL::Epick>, bool> CGAL::Epic_converter<IK>::operator()(const typename IK::Sphere_3&) const [with IK = CGAL::Simple_cartesian<CGAL::Interval_nt<false> >]’ at /usr/include/CGAL/Epic_converter.h:331:44,
    inlined from ‘CGAL::Static_filtered_predicate<AK, FP, EpicP>::result_type CGAL::Static_filtered_predicate<AK, FP, EpicP>::operator()(const A1&, const A2&) const [with A1 = CGAL::Sphere_3<CGAL::Epeck>; A2 = CGAL::Bbox_3; AK = CGAL::Simple_cartesian<CGAL::Interval_nt<false> >; FP = CGAL::Filtered_predicate<CGAL::CommonKernelFunctors::Do_intersect_3<CGAL::Simple_cartesian<__gmp_expr<__mpq_struct [1], __mpq_struct [1]> > >, CGAL::CommonKernelFunctors::Do_intersect_3<CGAL::Simple_cartesian<CGAL::Interval_nt<false> > >, CGAL::Exact_converter<CGAL::Epeck, CGAL::Simple_cartesian<__gmp_expr<__mpq_struct [1], __mpq_struct [1]> > >, CGAL::Approx_converter<CGAL::Epeck, CGAL::Simple_cartesian<CGAL::Interval_nt<false> > >, true>; EpicP = CGAL::internal::Static_filters_predicates::Do_intersect_3<CGAL::Filtered_kernel_base<CGAL::Type_equality_wrapper<CGAL::Cartesian_base_no_ref_count<double, CGAL::Epick>, CGAL::Epick> >, CGAL::internal::Static_filters<CGAL::Filtered_kernel_base<CGAL::Type_equality_wrapper<CGAL::Cartesian_base_no_ref_count<double, CGAL::Epick>, CGAL::Epick> > > >]’ at /usr/include/CGAL/Static_filtered_predicate.h:44:10,
    inlined from ‘CGAL::Comparison_result CGAL::AABB_traits_3<GeomTraits, AABBPrimitive, BboxMap>::Compare_distance::operator()(const Point&, const CGAL::AABB_traits_3<GeomTraits, AABBPrimitive, BboxMap>::Bounding_box&, const Point&, CGAL::Tag_false) const [with GeomTraits = CGAL::Epeck; AABBPrimitive = CGAL::AABB_triangle_primitive_3<CGAL::Epeck, __gnu_cxx::__normal_iterator<CGAL::Triangle_3<CGAL::Epeck>*, std::vector<CGAL::Triangle_3<CGAL::Epeck> > >, std::integral_constant<bool, false> >; BboxMap = CGAL::Default]’ at /usr/include/CGAL/AABB_traits_3.h:414:11:
/usr/include/boost/tuple/detail/tuple_basic.hpp:314:27: warning: ‘<unnamed>.CGAL::Sphere_3<CGAL::Epick>::<unnamed>.CGAL::SphereC3<CGAL::Epick>::base.boost::tuples::tuple<CGAL::Point_3<CGAL::Epick>, double, CGAL::Sign, boost::tuples::null_type, boost::tuples::null_type, boost::tuples::null_type, boost::tuples::null_type, boost::tuples::null_type, boost::tuples::null_type, boost::tuples::null_type>::<unnamed>.boost::tuples::cons<CGAL::Point_3<CGAL::Epick>, boost::tuples::cons<double, boost::tuples::cons<CGAL::Sign, boost::tuples::null_type> > >::head’ may be used uninitialized [-Wmaybe-uninitialized]
  314 |   cons( const cons& u ) : head(u.head), tail(u.tail) {}
      |                           ^~~~~~~~~~~~
In file included from /usr/include/CGAL/Static_filtered_predicate.h:15,
                 from /usr/include/CGAL/Lazy_kernel.h:18,
                 from /usr/include/CGAL/Exact_predicates_exact_constructions_kernel.h:27:
/usr/include/CGAL/Epic_converter.h: In function ‘CGAL::Comparison_result CGAL::AABB_traits_3<GeomTraits, AABBPrimitive, BboxMap>::Compare_distance::operator()(const Point&, const CGAL::AABB_traits_3<GeomTraits, AABBPrimitive, BboxMap>::Bounding_box&, const Point&, CGAL::Tag_false) const [with GeomTraits = CGAL::Epeck; AABBPrimitive = CGAL::AABB_triangle_primitive_3<CGAL::Epeck, __gnu_cxx::__normal_iterator<CGAL::Triangle_3<CGAL::Epeck>*, std::vector<CGAL::Triangle_3<CGAL::Epeck> > >, std::integral_constant<bool, false> >; BboxMap = CGAL::Default]’:
/usr/include/CGAL/Epic_converter.h:331:27: note: ‘<anonymous>’ declared here
  331 |     return std::make_pair(Sphere_3(), false);
      |                           ^~~~~~~~~~
make[1]: *** [CMakeFiles/Makefile2:1371: src/libslic3r/CMakeFiles/libslic3r_cgal.dir/all] Error 2
make: *** [Makefile:156: all] Error 2
======================================================================
BUILD: version_2.7.2-rc1-2683-g3920c4d1e1
system: rolling
date: Tue Apr  1 03:01:32 PM CEST 2025
tasks: configure_deps build_deps configure build[failed]
FAILED:
/home/rschiele/git/PrusaSlicer/src/libslic3r/Config.hpp:1057:29: warning: comparison of integer expressions of different signedness: ‘int32_t’ {aka ‘int’} and ‘size_t’ {aka ‘long unsigned int’} [-Wsign-compare]
 1057 |         if (idx >= 0 && idx < this->size()) {
      |                         ~~~~^~~~~~~~~~~~~~
/home/rschiele/git/PrusaSlicer/src/libslic3r/Config.hpp:1070:31: warning: comparison of integer expressions of different signedness: ‘int’ and ‘size_t’ {aka ‘long unsigned int’} [-Wsign-compare]
 1070 |             for (int i = 0; i < this->size(); ++i) {
      |                             ~~^~~~~~~~~~~~~~
/home/rschiele/git/PrusaSlicer/src/libslic3r/Config.hpp: In instantiation of ‘bool Slic3r::ConfigOptionVector<T>::overriden_by(const Slic3r::ConfigOption*, int32_t) const [with T = int; int32_t = int]’:
/home/rschiele/git/PrusaSlicer/src/libslic3r/Config.hpp:1024:10:   required from here
 1024 |     bool overriden_by(const ConfigOption *rhs, int32_t idx = -1) const override {
      |          ^~~~~~~~~~~~
/home/rschiele/git/PrusaSlicer/src/libslic3r/Config.hpp:1031:28: warning: comparison of integer expressions of different signedness: ‘int32_t’ {aka ‘int’} and ‘size_t’ {aka ‘long unsigned int’} [-Wsign-compare]
 1031 |         if (idx < 0 || idx >= size()) {
      |                        ~~~~^~~~~~~~~
/home/rschiele/git/PrusaSlicer/src/libslic3r/Config.hpp: In instantiation of ‘bool Slic3r::ConfigOptionVector<T>::apply_override(const Slic3r::ConfigOption*, int32_t) [with T = int; int32_t = int]’:
/home/rschiele/git/PrusaSlicer/src/libslic3r/Config.hpp:1049:10:   required from here
 1049 |     bool apply_override(const ConfigOption *rhs, int32_t idx = -1) override {
      |          ^~~~~~~~~~~~~~
/home/rschiele/git/PrusaSlicer/src/libslic3r/Config.hpp:1057:29: warning: comparison of integer expressions of different signedness: ‘int32_t’ {aka ‘int’} and ‘size_t’ {aka ‘long unsigned int’} [-Wsign-compare]
 1057 |         if (idx >= 0 && idx < this->size()) {
      |                         ~~~~^~~~~~~~~~~~~~
/home/rschiele/git/PrusaSlicer/src/libslic3r/Config.hpp:1070:31: warning: comparison of integer expressions of different signedness: ‘int’ and ‘size_t’ {aka ‘long unsigned int’} [-Wsign-compare]
 1070 |             for (int i = 0; i < this->size(); ++i) {
      |                             ~~^~~~~~~~~~~~~~
make[1]: *** [CMakeFiles/Makefile2:1609: src/slic3r/CMakeFiles/libslic3r_gui.dir/all] Error 2
make: *** [Makefile:156: all] Error 2
======================================================================
BUILD: version_2.7.2-rc1-2684-g5af56deb12
system: rolling
date: Tue Apr  1 03:15:23 PM CEST 2025
tasks: configure_deps build_deps configure build[failed]
FAILED:
/home/rschiele/git/PrusaSlicer/src/libslic3r/Config.hpp:1057:29: warning: comparison of integer expressions of different signedness: ‘int32_t’ {aka ‘int’} and ‘size_t’ {aka ‘long unsigned int’} [-Wsign-compare]
 1057 |         if (idx >= 0 && idx < this->size()) {
      |                         ~~~~^~~~~~~~~~~~~~
/home/rschiele/git/PrusaSlicer/src/libslic3r/Config.hpp:1070:31: warning: comparison of integer expressions of different signedness: ‘int’ and ‘size_t’ {aka ‘long unsigned int’} [-Wsign-compare]
 1070 |             for (int i = 0; i < this->size(); ++i) {
      |                             ~~^~~~~~~~~~~~~~
/home/rschiele/git/PrusaSlicer/src/libslic3r/Config.hpp: In instantiation of ‘bool Slic3r::ConfigOptionVector<T>::overriden_by(const Slic3r::ConfigOption*, int32_t) const [with T = int; int32_t = int]’:
/home/rschiele/git/PrusaSlicer/src/libslic3r/Config.hpp:1024:10:   required from here
 1024 |     bool overriden_by(const ConfigOption *rhs, int32_t idx = -1) const override {
      |          ^~~~~~~~~~~~
/home/rschiele/git/PrusaSlicer/src/libslic3r/Config.hpp:1031:28: warning: comparison of integer expressions of different signedness: ‘int32_t’ {aka ‘int’} and ‘size_t’ {aka ‘long unsigned int’} [-Wsign-compare]
 1031 |         if (idx < 0 || idx >= size()) {
      |                        ~~~~^~~~~~~~~
/home/rschiele/git/PrusaSlicer/src/libslic3r/Config.hpp: In instantiation of ‘bool Slic3r::ConfigOptionVector<T>::apply_override(const Slic3r::ConfigOption*, int32_t) [with T = int; int32_t = int]’:
/home/rschiele/git/PrusaSlicer/src/libslic3r/Config.hpp:1049:10:   required from here
 1049 |     bool apply_override(const ConfigOption *rhs, int32_t idx = -1) override {
      |          ^~~~~~~~~~~~~~
/home/rschiele/git/PrusaSlicer/src/libslic3r/Config.hpp:1057:29: warning: comparison of integer expressions of different signedness: ‘int32_t’ {aka ‘int’} and ‘size_t’ {aka ‘long unsigned int’} [-Wsign-compare]
 1057 |         if (idx >= 0 && idx < this->size()) {
      |                         ~~~~^~~~~~~~~~~~~~
/home/rschiele/git/PrusaSlicer/src/libslic3r/Config.hpp:1070:31: warning: comparison of integer expressions of different signedness: ‘int’ and ‘size_t’ {aka ‘long unsigned int’} [-Wsign-compare]
 1070 |             for (int i = 0; i < this->size(); ++i) {
      |                             ~~^~~~~~~~~~~~~~
make[1]: *** [CMakeFiles/Makefile2:1609: src/slic3r/CMakeFiles/libslic3r_gui.dir/all] Error 2
make: *** [Makefile:156: all] Error 2
======================================================================
BUILD: version_2.7.2-rc1-2685-g0277b2f516
system: rolling
date: Tue Apr  1 04:28:07 PM CEST 2025
tasks: configure_deps build_deps configure build[failed]
FAILED:
/home/rschiele/git/PrusaSlicer/src/libslic3r/Config.hpp:1049:10:   required from here
 1049 |     bool apply_override(const ConfigOption *rhs, int32_t idx = -1) override {
      |          ^~~~~~~~~~~~~~
/home/rschiele/git/PrusaSlicer/src/libslic3r/Config.hpp:1057:29: warning: comparison of integer expressions of different signedness: ‘int32_t’ {aka ‘int’} and ‘size_t’ {aka ‘long unsigned int’} [-Wsign-compare]
 1057 |         if (idx >= 0 && idx < this->size()) {
      |                         ~~~~^~~~~~~~~~~~~~
/home/rschiele/git/PrusaSlicer/src/libslic3r/Config.hpp:1070:31: warning: comparison of integer expressions of different signedness: ‘int’ and ‘size_t’ {aka ‘long unsigned int’} [-Wsign-compare]
 1070 |             for (int i = 0; i < this->size(); ++i) {
      |                             ~~^~~~~~~~~~~~~~
[100%] Linking CXX executable ../bin/Slic3r
/usr/bin/ld: ../deps/destdir/usr/local/lib/libwx_gtk3u_core-3.2.a(bmpsvg.cpp.o):(.data.rel.local+0x0): multiple definition of `nsvg__colors'; libslic3r/liblibslic3r.a(SL1_SVG.cpp.o):(.data.rel.local+0x0): first defined here
/usr/bin/ld: ../deps/destdir/usr/local/lib/libwx_gtk3u_core-3.2.a(bmpsvg.cpp.o): in function `nsvg__parseXML(char*, void (*)(void*, char const*, char const**), void (*)(void*, char const*), void (*)(void*, char const*), void*)':
bmpsvg.cpp:(.text+0xfd60): multiple definition of `nsvg__parseXML(char*, void (*)(void*, char const*, char const**), void (*)(void*, char const*), void (*)(void*, char const*), void*)'; libslic3r/liblibslic3r.a(SL1_SVG.cpp.o):SL1_SVG.cpp:(.text+0x85e0): first defined here
/usr/bin/ld: ../deps/destdir/usr/local/lib/libwx_gtk3u_core-3.2.a(bmpsvg.cpp.o): in function `nsvgDuplicatePath':
bmpsvg.cpp:(.text+0xfeb0): multiple definition of `nsvgDuplicatePath'; libslic3r/liblibslic3r.a(SL1_SVG.cpp.o):SL1_SVG.cpp:(.text+0x8730): first defined here
/usr/bin/ld: ../deps/destdir/usr/local/lib/libwx_gtk3u_core-3.2.a(bmpsvg.cpp.o): in function `nsvgDelete':
bmpsvg.cpp:(.text+0xff50): multiple definition of `nsvgDelete'; libslic3r/liblibslic3r.a(SL1_SVG.cpp.o):SL1_SVG.cpp:(.text+0x87d0): first defined here
/usr/bin/ld: ../deps/destdir/usr/local/lib/libwx_gtk3u_core-3.2.a(bmpsvg.cpp.o): in function `nsvgParse':
bmpsvg.cpp:(.text+0x10040): multiple definition of `nsvgParse'; libslic3r/liblibslic3r.a(SL1_SVG.cpp.o):SL1_SVG.cpp:(.text+0x88c0): first defined here
/usr/bin/ld: ../deps/destdir/usr/local/lib/libwx_gtk3u_core-3.2.a(bmpsvg.cpp.o): in function `nsvgParseFromFile':
bmpsvg.cpp:(.text+0x10e70): multiple definition of `nsvgParseFromFile'; libslic3r/liblibslic3r.a(SL1_SVG.cpp.o):SL1_SVG.cpp:(.text+0x9800): first defined here
collect2: error: ld returned 1 exit status
make[2]: *** [src/CMakeFiles/Slic3r.dir/build.make:176: bin/Slic3r] Error 1
make[1]: *** [CMakeFiles/Makefile2:728: src/CMakeFiles/Slic3r.dir/all] Error 2
make: *** [Makefile:156: all] Error 2
======================================================================
BUILD: version_2.7.2-rc1-2686-gd594487497
system: rolling
date: Tue Apr  1 04:30:58 PM CEST 2025
tasks: configure_deps build_deps configure build install
SUCCESS
======================================================================
BUILD: version_2.7.2-rc1-2682-g6a741334a2
system: rolling
date: Tue Apr  1 04:41:48 PM CEST 2025
tasks: configure_deps build_deps configure build install
SUCCESS
======================================================================
BUILD: version_2.7.2-rc1-2679-gaac6302432
system: rolling
date: Tue Apr  1 04:53:42 PM CEST 2025
tasks: configure_deps build_deps configure build install
SUCCESS
======================================================================
BUILD: version_2.7.2-rc1-2677-gb200a524ce
system: rolling
date: Wed Apr  2 05:57:14 PM CEST 2025
tasks: configure_deps build_deps configure build install
SUCCESS
======================================================================
BUILD: version_2.7.2-rc1-2678-ge109fc9eaa
system: rolling
date: Wed Apr  2 06:04:48 PM CEST 2025
tasks: configure_deps build_deps configure build[failed]
FAILED:
/home/rschiele/git/PrusaSlicer/src/libslic3r/Config.hpp:1057:29: warning: comparison of integer expressions of different signedness: ‘int32_t’ {aka ‘int’} and ‘size_t’ {aka ‘long unsigned int’} [-Wsign-compare]
 1057 |         if (idx >= 0 && idx < this->size()) {
      |                         ~~~~^~~~~~~~~~~~~~
/home/rschiele/git/PrusaSlicer/src/libslic3r/Config.hpp:1070:31: warning: comparison of integer expressions of different signedness: ‘int’ and ‘size_t’ {aka ‘long unsigned int’} [-Wsign-compare]
 1070 |             for (int i = 0; i < this->size(); ++i) {
      |                             ~~^~~~~~~~~~~~~~
/home/rschiele/git/PrusaSlicer/src/libslic3r/Config.hpp: In instantiation of ‘bool Slic3r::ConfigOptionVector<T>::overriden_by(const Slic3r::ConfigOption*, int32_t) const [with T = int; int32_t = int]’:
/home/rschiele/git/PrusaSlicer/src/libslic3r/Config.hpp:1024:10:   required from here
 1024 |     bool overriden_by(const ConfigOption *rhs, int32_t idx = -1) const override {
      |          ^~~~~~~~~~~~
/home/rschiele/git/PrusaSlicer/src/libslic3r/Config.hpp:1031:28: warning: comparison of integer expressions of different signedness: ‘int32_t’ {aka ‘int’} and ‘size_t’ {aka ‘long unsigned int’} [-Wsign-compare]
 1031 |         if (idx < 0 || idx >= size()) {
      |                        ~~~~^~~~~~~~~
/home/rschiele/git/PrusaSlicer/src/libslic3r/Config.hpp: In instantiation of ‘bool Slic3r::ConfigOptionVector<T>::apply_override(const Slic3r::ConfigOption*, int32_t) [with T = int; int32_t = int]’:
/home/rschiele/git/PrusaSlicer/src/libslic3r/Config.hpp:1049:10:   required from here
 1049 |     bool apply_override(const ConfigOption *rhs, int32_t idx = -1) override {
      |          ^~~~~~~~~~~~~~
/home/rschiele/git/PrusaSlicer/src/libslic3r/Config.hpp:1057:29: warning: comparison of integer expressions of different signedness: ‘int32_t’ {aka ‘int’} and ‘size_t’ {aka ‘long unsigned int’} [-Wsign-compare]
 1057 |         if (idx >= 0 && idx < this->size()) {
      |                         ~~~~^~~~~~~~~~~~~~
/home/rschiele/git/PrusaSlicer/src/libslic3r/Config.hpp:1070:31: warning: comparison of integer expressions of different signedness: ‘int’ and ‘size_t’ {aka ‘long unsigned int’} [-Wsign-compare]
 1070 |             for (int i = 0; i < this->size(); ++i) {
      |                             ~~^~~~~~~~~~~~~~
make[1]: *** [CMakeFiles/Makefile2:1609: src/slic3r/CMakeFiles/libslic3r_gui.dir/all] Error 2
make: *** [Makefile:156: all] Error 2
======================================================================
BUILD: version_2.7.2-rc1-2679-gd886b5547c
system: rolling
date: Wed Apr  2 06:30:56 PM CEST 2025
tasks: configure_deps build_deps configure build install
SUCCESS
======================================================================
BUILD: version_2.7.2-rc1-2680-g7b80ea71ac
system: rolling
date: Wed Apr  2 06:36:14 PM CEST 2025
tasks: configure_deps build_deps configure build install
SUCCESS
======================================================================
BUILD: version_2.7.2-rc1-2679-g22bb3f7bbb
system: rolling
date: Wed Apr  2 07:03:11 PM CEST 2025
tasks: configure_deps build_deps configure build install
SUCCESS
======================================================================
BUILD: version_2.7.2-rc1-2679-gc167fcf0da
system: rolling
date: Thu Apr  3 04:49:43 PM CEST 2025
tasks: configure_deps build_deps configure build install
SUCCESS
======================================================================
BUILD: version_2.7.2-rc1-2679-gc4dcc057b7
